
> model-client@0.1.0 start /Users/kevin/Projects/guaduational-design/model-client
> webpack-dev-server --config webpack.dev.js

Project is running at [1m[34mhttp://localhost:8080/[39m[22m
webpack output is served from [1m[34m/[39m[22m
Content not from webpack is served from [1m[34m./src/[39m[22m
404s will fallback to [1m[34m/index.html[39m[22m

[at-loader] Using typescript@2.6.2 from typescript and "tsconfig.json" from /Users/kevin/Projects/guaduational-design/model-client/tsconfig.json.


[at-loader] Checking started in a separate process...

[at-loader] Ok, 0.05 sec.
Hash: [1m1c1e5bd47014594e9f73[39m[22m
Version: webpack [1m3.11.0[39m[22m
Time: [1m29988[39m[22mms
                  [1mAsset[39m[22m     [1mSize[39m[22m  [1mChunks[39m[22m  [1m[39m[22m           [1m[39m[22m       [1mChunk Names[39m[22m
          [1m[33mapp.bundle.js[39m[22m  [1m[33m7.41 MB[39m[22m       [1m0[39m[22m  [1m[32m[emitted][39m[22m  [1m[33m[big][39m[22m  app
    [1m[33mpolyfills.bundle.js[39m[22m   [1m[33m333 kB[39m[22m       [1m1[39m[22m  [1m[32m[emitted][39m[22m  [1m[33m[big][39m[22m  polyfills
       [1m[33mvendor.bundle.js[39m[22m   [1m[33m894 kB[39m[22m       [1m2[39m[22m  [1m[32m[emitted][39m[22m  [1m[33m[big][39m[22m  vendor
      [1m[32mapp.bundle.js.map[39m[22m  9.05 MB       [1m0[39m[22m  [1m[32m[emitted][39m[22m         app
[1m[32mpolyfills.bundle.js.map[39m[22m   426 kB       [1m1[39m[22m  [1m[32m[emitted][39m[22m         polyfills
   [1m[32mvendor.bundle.js.map[39m[22m  1.08 MB       [1m2[39m[22m  [1m[32m[emitted][39m[22m         vendor
      [1m[32m../src/index.html[39m[22m  1.33 kB        [1m[39m[22m  [1m[32m[emitted][39m[22m         

[1m[33mWARNING in ./node_modules/@angular/core/esm5/core.js
6570:15-36 Critical dependency: the request of a dependency is an expression
 @ ./node_modules/@angular/core/esm5/core.js
 @ ./src/app/app.ts
 @ multi (webpack)-dev-server/client?http://localhost:8080 webpack/hot/dev-server ./src/app/app.ts[39m[22m

[1m[33mWARNING in ./node_modules/@angular/core/esm5/core.js
6590:15-102 Critical dependency: the request of a dependency is an expression
 @ ./node_modules/@angular/core/esm5/core.js
 @ ./src/app/app.ts
 @ multi (webpack)-dev-server/client?http://localhost:8080 webpack/hot/dev-server ./src/app/app.ts[39m[22m
Child [1mhtml-webpack-plugin for "../src/index.html"[39m[22m:
                [1mAsset[39m[22m     [1mSize[39m[22m  [1mChunks[39m[22m  [1m[39m[22m[1m[39m[22m[1mChunk Names[39m[22m
    [1m[32m../src/index.html[39m[22m  27.2 kB       [1m0[39m[22m  [1m[32m[39m[22m
webpack: Compiled with warnings.
